app/build/intermediates/manifest_merge_blame_file/release/manifest-merger-blame-release-report.txt
1<?xml version="1.0" encoding="utf-8"?>
2<manifest xmlns:android="http://schemas.android.com/apk/res/android"
3    package="com.hatemchaabini.serviceapp"
4    android:versionCode="1"
5    android:versionName="1.0" >
6
7    <uses-sdk
8        android:minSdkVersion="16"
8-->src/main/AndroidManifest.xml
9        android:targetSdkVersion="29" />
9-->src/main/AndroidManifest.xml
10
11    <uses-permission android:name="android.permission.INTERNET" />
11-->src/main/AndroidManifest.xml:5:5-67
11-->src/main/AndroidManifest.xml:5:22-64
12    <uses-permission android:name="android.permission.ACCESS_NETWORK_STATE" />
12-->src/main/AndroidManifest.xml:6:5-79
12-->src/main/AndroidManifest.xml:6:22-76
13    <uses-permission android:name="android.permission.READ_EXTERNAL_STORAGE" />
13-->src/main/AndroidManifest.xml:7:5-80
13-->src/main/AndroidManifest.xml:7:22-77
14    <uses-permission android:name="android.permission.WRITE_EXTERNAL_STORAGE" />
14-->src/main/AndroidManifest.xml:8:5-81
14-->src/main/AndroidManifest.xml:8:22-78
15    <uses-permission android:name="android.permission.ACCESS_WIFI_STATE" />
15-->src/main/AndroidManifest.xml:9:5-76
15-->src/main/AndroidManifest.xml:9:22-73
16    <uses-permission android:name="android.permission.RECORD_AUDIO" />
16-->src/main/AndroidManifest.xml:10:5-71
16-->src/main/AndroidManifest.xml:10:22-68
17    <uses-permission android:name="android.permission.MODIFY_AUDIO_SETTINGS" />
17-->src/main/AndroidManifest.xml:11:5-80
17-->src/main/AndroidManifest.xml:11:22-77
18    <uses-permission android:name="android.permission.WAKE_LOCK" />
18-->[com.google.firebase:firebase-measurement-connector-impl:17.0.2] AndroidManifest.xml:24:5-68
18-->[com.google.firebase:firebase-measurement-connector-impl:17.0.2] AndroidManifest.xml:24:22-65
19    <uses-permission android:name="com.google.android.finsky.permission.BIND_GET_INSTALL_REFERRER_SERVICE" /> <!-- Required by older versions of Google Play services to create IID tokens -->
19-->[com.google.firebase:firebase-analytics:16.0.4] AndroidManifest.xml:26:5-110
19-->[com.google.firebase:firebase-analytics:16.0.4] AndroidManifest.xml:26:22-107
20    <uses-permission android:name="com.google.android.c2dm.permission.RECEIVE" />
20-->[com.google.firebase:firebase-iid:17.0.4] AndroidManifest.xml:26:5-82
20-->[com.google.firebase:firebase-iid:17.0.4] AndroidManifest.xml:26:22-79
21
22    <application
22-->src/main/AndroidManifest.xml:13:5-57:19
23        android:name="androidx.multidex.MultiDexApplication"
24        android:allowBackup="true"
24-->src/main/AndroidManifest.xml:14:9-35
25        android:appComponentFactory="androidx.core.app.CoreComponentFactory"
25-->[androidx.core:core:1.1.0] AndroidManifest.xml:24:18-86
26        android:icon="@mipmap/ic_launcher"
26-->src/main/AndroidManifest.xml:15:9-43
27        android:label="@string/app_name"
27-->src/main/AndroidManifest.xml:16:9-41
28        android:networkSecurityConfig="@xml/network_security_config"
28-->src/main/AndroidManifest.xml:17:9-69
29        android:roundIcon="@mipmap/ic_launcher_round"
29-->src/main/AndroidManifest.xml:18:9-54
30        android:supportsRtl="true"
30-->src/main/AndroidManifest.xml:19:9-35
31        android:theme="@style/AppTheme" >
31-->src/main/AndroidManifest.xml:20:9-40
32        <activity android:name="com.hatemchaabini.serviceapp.OffreetServiceValideretRefuserAdapterActivityDemande" />
32-->src/main/AndroidManifest.xml:21:9-127
32-->src/main/AndroidManifest.xml:21:19-115
33        <activity android:name="com.hatemchaabini.serviceapp.FragmenOffreetServiceValideretRefuserDemande" />
33-->src/main/AndroidManifest.xml:22:9-110
33-->src/main/AndroidManifest.xml:22:19-107
34        <activity android:name="com.hatemchaabini.serviceapp.OffreetServiceValideretRefuserAdapterActivity" />
34-->src/main/AndroidManifest.xml:23:9-111
34-->src/main/AndroidManifest.xml:23:19-108
35        <activity android:name="com.hatemchaabini.serviceapp.FragmenOffreetServiceValideretRefuser" />
35-->src/main/AndroidManifest.xml:24:9-103
35-->src/main/AndroidManifest.xml:24:19-100
36        <activity android:name="com.hatemchaabini.serviceapp.FragmenProfile" />
36-->src/main/AndroidManifest.xml:25:9-80
36-->src/main/AndroidManifest.xml:25:19-77
37        <activity android:name="com.hatemchaabini.serviceapp.AdapterCom" />
37-->src/main/AndroidManifest.xml:26:9-76
37-->src/main/AndroidManifest.xml:26:19-73
38
39        <service
39-->src/main/AndroidManifest.xml:28:9-35:19
40            android:name="com.hatemchaabini.serviceapp.FcmMessagingService"
40-->src/main/AndroidManifest.xml:29:13-76
41            android:enabled="true"
41-->src/main/AndroidManifest.xml:30:13-35
42            android:exported="true" >
42-->src/main/AndroidManifest.xml:31:13-36
43            <intent-filter>
43-->src/main/AndroidManifest.xml:32:13-34:29
44                <action android:name="com.google.firebase.MESSAGING_EVENT" />
44-->src/main/AndroidManifest.xml:33:17-78
44-->src/main/AndroidManifest.xml:33:25-75
45            </intent-filter>
46        </service>
47
48        <activity android:name="com.hatemchaabini.serviceapp.Chat.MessageActivity" />
48-->src/main/AndroidManifest.xml:37:9-86
48-->src/main/AndroidManifest.xml:37:19-83
49        <activity android:name="com.hatemchaabini.serviceapp.VideoTuto" />
49-->src/main/AndroidManifest.xml:38:9-75
49-->src/main/AndroidManifest.xml:38:19-72
50        <activity android:name="com.hatemchaabini.serviceapp.Chat.MaineActivity" />
50-->src/main/AndroidManifest.xml:39:9-84
50-->src/main/AndroidManifest.xml:39:19-81
51        <activity android:name="com.hatemchaabini.serviceapp.DetailDemandeActivity" />
51-->src/main/AndroidManifest.xml:40:9-87
51-->src/main/AndroidManifest.xml:40:19-84
52        <activity android:name="com.hatemchaabini.serviceapp.MesDemandeServicesActivity" />
52-->src/main/AndroidManifest.xml:41:9-92
52-->src/main/AndroidManifest.xml:41:19-89
53        <activity android:name="com.hatemchaabini.serviceapp.SplashActivity" >
53-->src/main/AndroidManifest.xml:42:9-48:20
53-->src/main/AndroidManifest.xml:42:19-77
54            <intent-filter>
54-->src/main/AndroidManifest.xml:43:13-47:29
55                <action android:name="android.intent.action.MAIN" />
55-->src/main/AndroidManifest.xml:44:17-69
55-->src/main/AndroidManifest.xml:44:25-66
56
57                <category android:name="android.intent.category.LAUNCHER" />
57-->src/main/AndroidManifest.xml:46:17-77
57-->src/main/AndroidManifest.xml:46:27-74
58            </intent-filter>
59        </activity>
60        <activity android:name="com.hatemchaabini.serviceapp.DetailoffreActivity" />
60-->src/main/AndroidManifest.xml:49:9-85
60-->src/main/AndroidManifest.xml:49:19-82
61        <activity android:name="com.hatemchaabini.serviceapp.OffreServActivity" />
61-->src/main/AndroidManifest.xml:50:9-83
61-->src/main/AndroidManifest.xml:50:19-80
62        <activity android:name="com.hatemchaabini.serviceapp.DetailserviceActivity" />
62-->src/main/AndroidManifest.xml:51:9-87
62-->src/main/AndroidManifest.xml:51:19-84
63        <activity android:name="com.hatemchaabini.serviceapp.ServicesAdapterActivity" />
63-->src/main/AndroidManifest.xml:52:9-89
63-->src/main/AndroidManifest.xml:52:19-86
64        <activity android:name="com.hatemchaabini.serviceapp.ServicesFragmentActivity" />
64-->src/main/AndroidManifest.xml:53:9-90
64-->src/main/AndroidManifest.xml:53:19-87
65        <activity android:name="com.hatemchaabini.serviceapp.singup" />
65-->src/main/AndroidManifest.xml:54:9-72
65-->src/main/AndroidManifest.xml:54:19-69
66        <activity android:name="com.hatemchaabini.serviceapp.MainActivity" />
66-->src/main/AndroidManifest.xml:55:9-78
66-->src/main/AndroidManifest.xml:55:19-75
67        <activity android:name="com.hatemchaabini.serviceapp.signin" />
67-->src/main/AndroidManifest.xml:56:9-72
67-->src/main/AndroidManifest.xml:56:19-69
68        <activity
68-->[com.google.firebase:firebase-auth:16.0.5] AndroidManifest.xml:24:9-31:50
69            android:name="com.google.firebase.auth.internal.FederatedSignInActivity"
69-->[com.google.firebase:firebase-auth:16.0.5] AndroidManifest.xml:25:13-85
70            android:excludeFromRecents="true"
70-->[com.google.firebase:firebase-auth:16.0.5] AndroidManifest.xml:26:13-46
71            android:exported="true"
71-->[com.google.firebase:firebase-auth:16.0.5] AndroidManifest.xml:27:13-36
72            android:launchMode="singleTask"
72-->[com.google.firebase:firebase-auth:16.0.5] AndroidManifest.xml:28:13-44
73            android:permission="com.google.firebase.auth.api.gms.permission.LAUNCH_FEDERATED_SIGN_IN"
73-->[com.google.firebase:firebase-auth:16.0.5] AndroidManifest.xml:29:13-102
74            android:theme="@android:style/Theme.Translucent.NoTitleBar" />
74-->[com.google.firebase:firebase-auth:16.0.5] AndroidManifest.xml:30:13-72
75
76        <service
76-->[com.google.firebase:firebase-auth:16.0.5] AndroidManifest.xml:33:9-39:19
77            android:name="com.google.firebase.components.ComponentDiscoveryService"
77-->[com.google.firebase:firebase-auth:16.0.5] AndroidManifest.xml:34:13-84
78            android:exported="false" >
78-->[com.google.firebase:firebase-auth:16.0.5] AndroidManifest.xml:35:13-37
79            <meta-data
79-->[com.google.firebase:firebase-auth:16.0.5] AndroidManifest.xml:36:13-38:85
80                android:name="com.google.firebase.components:com.google.firebase.auth.FirebaseAuthRegistrar"
80-->[com.google.firebase:firebase-auth:16.0.5] AndroidManifest.xml:37:17-109
81                android:value="com.google.firebase.components.ComponentRegistrar" />
81-->[com.google.firebase:firebase-auth:16.0.5] AndroidManifest.xml:38:17-82
82            <meta-data
82-->[com.google.firebase:firebase-measurement-connector-impl:17.0.2] AndroidManifest.xml:28:13-30:85
83                android:name="com.google.firebase.components:com.google.firebase.analytics.connector.internal.AnalyticsConnectorRegistrar"
83-->[com.google.firebase:firebase-measurement-connector-impl:17.0.2] AndroidManifest.xml:29:17-139
84                android:value="com.google.firebase.components.ComponentRegistrar" />
84-->[com.google.firebase:firebase-measurement-connector-impl:17.0.2] AndroidManifest.xml:30:17-82
85            <meta-data
85-->[com.google.firebase:firebase-iid:17.0.4] AndroidManifest.xml:32:13-34:85
86                android:name="com.google.firebase.components:com.google.firebase.iid.Registrar"
86-->[com.google.firebase:firebase-iid:17.0.4] AndroidManifest.xml:33:17-96
87                android:value="com.google.firebase.components.ComponentRegistrar" />
87-->[com.google.firebase:firebase-iid:17.0.4] AndroidManifest.xml:34:17-82
88        </service>
89
90        <provider
90-->[com.squareup.picasso:picasso:2.71828] AndroidManifest.xml:8:9-11:40
91            android:name="com.squareup.picasso.PicassoProvider"
91-->[com.squareup.picasso:picasso:2.71828] AndroidManifest.xml:9:13-64
92            android:authorities="com.hatemchaabini.serviceapp.com.squareup.picasso"
92-->[com.squareup.picasso:picasso:2.71828] AndroidManifest.xml:10:13-72
93            android:exported="false" />
93-->[com.squareup.picasso:picasso:2.71828] AndroidManifest.xml:11:13-37
94        <!--
95             FirebaseMessagingService performs security checks at runtime,
96             no need for explicit permissions despite exported="true"
97        -->
98        <service
98-->[com.google.firebase:firebase-messaging:17.3.4] AndroidManifest.xml:28:9-34:19
99            android:name="com.google.firebase.messaging.FirebaseMessagingService"
99-->[com.google.firebase:firebase-messaging:17.3.4] AndroidManifest.xml:29:13-82
100            android:exported="true" >
100-->[com.google.firebase:firebase-messaging:17.3.4] AndroidManifest.xml:30:13-36
101            <intent-filter android:priority="-500" >
101-->src/main/AndroidManifest.xml:32:13-34:29
102                <action android:name="com.google.firebase.MESSAGING_EVENT" />
102-->src/main/AndroidManifest.xml:33:17-78
102-->src/main/AndroidManifest.xml:33:25-75
103            </intent-filter>
104        </service>
105
106        <receiver
106-->[com.google.firebase:firebase-analytics:16.0.4] AndroidManifest.xml:29:9-33:20
107            android:name="com.google.android.gms.measurement.AppMeasurementReceiver"
107-->[com.google.firebase:firebase-analytics:16.0.4] AndroidManifest.xml:30:13-85
108            android:enabled="true"
108-->[com.google.firebase:firebase-analytics:16.0.4] AndroidManifest.xml:31:13-35
109            android:exported="false" >
109-->[com.google.firebase:firebase-analytics:16.0.4] AndroidManifest.xml:32:13-37
110        </receiver>
111        <receiver
111-->[com.google.firebase:firebase-analytics:16.0.4] AndroidManifest.xml:34:9-42:20
112            android:name="com.google.android.gms.measurement.AppMeasurementInstallReferrerReceiver"
112-->[com.google.firebase:firebase-analytics:16.0.4] AndroidManifest.xml:35:13-100
113            android:enabled="true"
113-->[com.google.firebase:firebase-analytics:16.0.4] AndroidManifest.xml:36:13-35
114            android:exported="true"
114-->[com.google.firebase:firebase-analytics:16.0.4] AndroidManifest.xml:37:13-36
115            android:permission="android.permission.INSTALL_PACKAGES" >
115-->[com.google.firebase:firebase-analytics:16.0.4] AndroidManifest.xml:38:13-69
116            <intent-filter>
116-->[com.google.firebase:firebase-analytics:16.0.4] AndroidManifest.xml:39:13-41:29
117                <action android:name="com.android.vending.INSTALL_REFERRER" />
117-->[com.google.firebase:firebase-analytics:16.0.4] AndroidManifest.xml:40:17-79
117-->[com.google.firebase:firebase-analytics:16.0.4] AndroidManifest.xml:40:25-76
118            </intent-filter>
119        </receiver>
120
121        <service
121-->[com.google.firebase:firebase-analytics:16.0.4] AndroidManifest.xml:44:9-47:40
122            android:name="com.google.android.gms.measurement.AppMeasurementService"
122-->[com.google.firebase:firebase-analytics:16.0.4] AndroidManifest.xml:45:13-84
123            android:enabled="true"
123-->[com.google.firebase:firebase-analytics:16.0.4] AndroidManifest.xml:46:13-35
124            android:exported="false" />
124-->[com.google.firebase:firebase-analytics:16.0.4] AndroidManifest.xml:47:13-37
125        <service
125-->[com.google.firebase:firebase-analytics:16.0.4] AndroidManifest.xml:48:9-52:72
126            android:name="com.google.android.gms.measurement.AppMeasurementJobService"
126-->[com.google.firebase:firebase-analytics:16.0.4] AndroidManifest.xml:49:13-87
127            android:enabled="true"
127-->[com.google.firebase:firebase-analytics:16.0.4] AndroidManifest.xml:50:13-35
128            android:exported="false"
128-->[com.google.firebase:firebase-analytics:16.0.4] AndroidManifest.xml:51:13-37
129            android:permission="android.permission.BIND_JOB_SERVICE" />
129-->[com.google.firebase:firebase-analytics:16.0.4] AndroidManifest.xml:52:13-69
130
131        <receiver
131-->[com.google.firebase:firebase-iid:17.0.4] AndroidManifest.xml:37:9-44:20
132            android:name="com.google.firebase.iid.FirebaseInstanceIdReceiver"
132-->[com.google.firebase:firebase-iid:17.0.4] AndroidManifest.xml:38:13-78
133            android:exported="true"
133-->[com.google.firebase:firebase-iid:17.0.4] AndroidManifest.xml:39:13-36
134            android:permission="com.google.android.c2dm.permission.SEND" >
134-->[com.google.firebase:firebase-iid:17.0.4] AndroidManifest.xml:40:13-73
135            <intent-filter>
135-->[com.google.firebase:firebase-iid:17.0.4] AndroidManifest.xml:41:13-43:29
136                <action android:name="com.google.android.c2dm.intent.RECEIVE" />
136-->[com.google.firebase:firebase-iid:17.0.4] AndroidManifest.xml:42:17-81
136-->[com.google.firebase:firebase-iid:17.0.4] AndroidManifest.xml:42:25-78
137            </intent-filter>
138        </receiver>
139        <!--
140             FirebaseInstanceIdService performs security checks at runtime,
141             no need for explicit permissions despite exported="true"
142        -->
143        <service
143-->[com.google.firebase:firebase-iid:17.0.4] AndroidManifest.xml:50:9-56:19
144            android:name="com.google.firebase.iid.FirebaseInstanceIdService"
144-->[com.google.firebase:firebase-iid:17.0.4] AndroidManifest.xml:51:13-77
145            android:exported="true" >
145-->[com.google.firebase:firebase-iid:17.0.4] AndroidManifest.xml:52:13-36
146            <intent-filter android:priority="-500" >
146-->[com.google.firebase:firebase-iid:17.0.4] AndroidManifest.xml:53:13-55:29
146-->[com.google.firebase:firebase-iid:17.0.4] AndroidManifest.xml:53:28-51
147                <action android:name="com.google.firebase.INSTANCE_ID_EVENT" />
147-->[com.google.firebase:firebase-iid:17.0.4] AndroidManifest.xml:54:17-80
147-->[com.google.firebase:firebase-iid:17.0.4] AndroidManifest.xml:54:25-77
148            </intent-filter>
149        </service>
150
151        <activity
151-->[com.google.android.gms:play-services-base:16.0.1] AndroidManifest.xml:23:9-26:75
152            android:name="com.google.android.gms.common.api.GoogleApiActivity"
152-->[com.google.android.gms:play-services-base:16.0.1] AndroidManifest.xml:24:13-79
153            android:exported="false"
153-->[com.google.android.gms:play-services-base:16.0.1] AndroidManifest.xml:25:13-37
154            android:theme="@android:style/Theme.Translucent.NoTitleBar" />
154-->[com.google.android.gms:play-services-base:16.0.1] AndroidManifest.xml:26:13-72
155
156        <provider
156-->[com.google.firebase:firebase-common:16.0.3] AndroidManifest.xml:10:9-14:39
157            android:name="com.google.firebase.provider.FirebaseInitProvider"
157-->[com.google.firebase:firebase-common:16.0.3] AndroidManifest.xml:11:13-77
158            android:authorities="com.hatemchaabini.serviceapp.firebaseinitprovider"
158-->[com.google.firebase:firebase-common:16.0.3] AndroidManifest.xml:12:13-72
159            android:exported="false"
159-->[com.google.firebase:firebase-common:16.0.3] AndroidManifest.xml:13:13-37
160            android:initOrder="100" />
160-->[com.google.firebase:firebase-common:16.0.3] AndroidManifest.xml:14:13-36
161
162        <meta-data
162-->[com.google.android.gms:play-services-basement:16.1.0] AndroidManifest.xml:23:9-25:69
163            android:name="com.google.android.gms.version"
163-->[com.google.android.gms:play-services-basement:16.1.0] AndroidManifest.xml:24:13-58
164            android:value="@integer/google_play_services_version" />
164-->[com.google.android.gms:play-services-basement:16.1.0] AndroidManifest.xml:25:13-66
165    </application>
166
167</manifest>